<?xml version="1.0" encoding="UTF-8"?>
<coverage generated="1566849265963" clover="3.2.0">
  <project timestamp="1566849265963" name="All files">
    <metrics statements="62" coveredstatements="62" conditionals="11" coveredconditionals="10" methods="19" coveredmethods="19" elements="92" coveredelements="91" complexity="0" loc="62" ncloc="62" packages="1" files="1" classes="1"/>
    <file name="index.js" path="/mnt/e/development/hexlet/backend-project-lvl3/src/index.js">
      <metrics statements="62" coveredstatements="62" conditionals="11" coveredconditionals="10" methods="19" coveredmethods="19"/>
      <line num="9" count="1" type="stmt"/>
      <line num="11" count="19" type="stmt"/>
      <line num="13" count="1" type="stmt"/>
      <line num="14" count="8" type="stmt"/>
      <line num="15" count="8" type="cond" truecount="1" falsecount="1"/>
      <line num="18" count="8" type="stmt"/>
      <line num="21" count="1" type="stmt"/>
      <line num="22" count="11" type="stmt"/>
      <line num="23" count="11" type="stmt"/>
      <line num="24" count="11" type="stmt"/>
      <line num="26" count="11" type="stmt"/>
      <line num="29" count="1" type="stmt"/>
      <line num="35" count="1" type="stmt"/>
      <line num="36" count="8" type="stmt"/>
      <line num="37" count="8" type="cond" truecount="3" falsecount="0"/>
      <line num="40" count="2" type="stmt"/>
      <line num="42" count="10" type="stmt"/>
      <line num="43" count="10" type="stmt"/>
      <line num="45" count="10" type="cond" truecount="4" falsecount="0"/>
      <line num="46" count="6" type="stmt"/>
      <line num="47" count="6" type="stmt"/>
      <line num="48" count="6" type="stmt"/>
      <line num="49" count="6" type="stmt"/>
      <line num="51" count="4" type="stmt"/>
      <line num="54" count="10" type="stmt"/>
      <line num="56" count="1" type="stmt"/>
      <line num="61" count="1" type="stmt"/>
      <line num="62" count="3" type="cond" truecount="2" falsecount="0"/>
      <line num="63" count="2" type="stmt"/>
      <line num="64" count="2" type="stmt"/>
      <line num="65" count="2" type="stmt"/>
      <line num="66" count="2" type="stmt"/>
      <line num="67" count="2" type="stmt"/>
      <line num="68" count="2" type="stmt"/>
      <line num="70" count="1" type="stmt"/>
      <line num="71" count="1" type="stmt"/>
      <line num="75" count="1" type="stmt"/>
      <line num="77" count="2" type="stmt"/>
      <line num="78" count="6" type="stmt"/>
      <line num="79" count="6" type="stmt"/>
      <line num="82" count="6" type="stmt"/>
      <line num="83" count="6" type="stmt"/>
      <line num="85" count="5" type="stmt"/>
      <line num="88" count="5" type="stmt"/>
      <line num="89" count="5" type="stmt"/>
      <line num="96" count="4" type="stmt"/>
      <line num="97" count="4" type="stmt"/>
      <line num="98" count="4" type="stmt"/>
      <line num="99" count="4" type="stmt"/>
      <line num="100" count="4" type="stmt"/>
      <line num="101" count="4" type="stmt"/>
      <line num="102" count="4" type="stmt"/>
      <line num="103" count="4" type="stmt"/>
      <line num="106" count="4" type="stmt"/>
      <line num="107" count="3" type="stmt"/>
      <line num="109" count="2" type="stmt"/>
      <line num="110" count="2" type="stmt"/>
      <line num="111" count="2" type="stmt"/>
      <line num="113" count="2" type="stmt"/>
      <line num="118" count="2" type="stmt"/>
      <line num="119" count="2" type="stmt"/>
      <line num="124" count="4" type="stmt"/>
    </file>
  </project>
</coverage>
