<?xml version="1.0" encoding="UTF-8"?>
<coverage generated="1566816796998" clover="3.2.0">
  <project timestamp="1566816796998" name="All files">
    <metrics statements="59" coveredstatements="59" conditionals="11" coveredconditionals="10" methods="18" coveredmethods="18" elements="88" coveredelements="87" complexity="0" loc="59" ncloc="59" packages="1" files="1" classes="1"/>
    <file name="index.js" path="/mnt/e/development/hexlet/backend-project-lvl3/src/index.js">
      <metrics statements="59" coveredstatements="59" conditionals="11" coveredconditionals="10" methods="18" coveredmethods="18"/>
      <line num="8" count="1" type="stmt"/>
      <line num="10" count="19" type="stmt"/>
      <line num="12" count="1" type="stmt"/>
      <line num="13" count="8" type="stmt"/>
      <line num="14" count="8" type="cond" truecount="1" falsecount="1"/>
      <line num="17" count="8" type="stmt"/>
      <line num="20" count="1" type="stmt"/>
      <line num="21" count="11" type="stmt"/>
      <line num="22" count="11" type="stmt"/>
      <line num="23" count="11" type="stmt"/>
      <line num="25" count="11" type="stmt"/>
      <line num="28" count="1" type="stmt"/>
      <line num="34" count="1" type="stmt"/>
      <line num="35" count="8" type="stmt"/>
      <line num="36" count="8" type="cond" truecount="3" falsecount="0"/>
      <line num="39" count="2" type="stmt"/>
      <line num="41" count="10" type="stmt"/>
      <line num="42" count="10" type="stmt"/>
      <line num="44" count="10" type="cond" truecount="4" falsecount="0"/>
      <line num="45" count="6" type="stmt"/>
      <line num="46" count="6" type="stmt"/>
      <line num="47" count="6" type="stmt"/>
      <line num="48" count="6" type="stmt"/>
      <line num="50" count="4" type="stmt"/>
      <line num="53" count="10" type="stmt"/>
      <line num="55" count="1" type="stmt"/>
      <line num="60" count="1" type="stmt"/>
      <line num="61" count="4" type="cond" truecount="2" falsecount="0"/>
      <line num="62" count="2" type="stmt"/>
      <line num="63" count="2" type="stmt"/>
      <line num="64" count="2" type="stmt"/>
      <line num="65" count="2" type="stmt"/>
      <line num="66" count="2" type="stmt"/>
      <line num="67" count="2" type="stmt"/>
      <line num="69" count="2" type="stmt"/>
      <line num="70" count="2" type="stmt"/>
      <line num="74" count="1" type="stmt"/>
      <line num="76" count="2" type="stmt"/>
      <line num="77" count="6" type="stmt"/>
      <line num="78" count="6" type="stmt"/>
      <line num="80" count="5" type="stmt"/>
      <line num="83" count="5" type="stmt"/>
      <line num="85" count="1" type="stmt"/>
      <line num="89" count="4" type="stmt"/>
      <line num="90" count="4" type="stmt"/>
      <line num="91" count="4" type="stmt"/>
      <line num="92" count="4" type="stmt"/>
      <line num="93" count="4" type="stmt"/>
      <line num="94" count="4" type="stmt"/>
      <line num="95" count="4" type="stmt"/>
      <line num="96" count="4" type="stmt"/>
      <line num="98" count="4" type="stmt"/>
      <line num="99" count="3" type="stmt"/>
      <line num="101" count="2" type="stmt"/>
      <line num="102" count="2" type="stmt"/>
      <line num="103" count="2" type="stmt"/>
      <line num="105" count="2" type="stmt"/>
      <line num="106" count="2" type="stmt"/>
      <line num="107" count="3" type="stmt"/>
    </file>
  </project>
</coverage>
