{"/mnt/e/development/hexlet/backend-project-lvl3/src/index.js": {"path":"/mnt/e/development/hexlet/backend-project-lvl3/src/index.js","statementMap":{"0":{"start":{"line":9,"column":12},"end":{"line":9,"column":32}},"1":{"start":{"line":11,"column":27},"end":{"line":11,"column":59}},"2":{"start":{"line":11,"column":34},"end":{"line":11,"column":59}},"3":{"start":{"line":13,"column":24},"end":{"line":19,"column":1}},"4":{"start":{"line":14,"column":20},"end":{"line":14,"column":38}},"5":{"start":{"line":15,"column":18},"end":{"line":17,"column":24}},"6":{"start":{"line":18,"column":2},"end":{"line":18,"column":37}},"7":{"start":{"line":21,"column":28},"end":{"line":27,"column":1}},"8":{"start":{"line":22,"column":20},"end":{"line":22,"column":42}},"9":{"start":{"line":23,"column":21},"end":{"line":23,"column":51}},"10":{"start":{"line":24,"column":23},"end":{"line":24,"column":65}},"11":{"start":{"line":26,"column":2},"end":{"line":26,"column":77}},"12":{"start":{"line":29,"column":16},"end":{"line":33,"column":1}},"13":{"start":{"line":35,"column":19},"end":{"line":38,"column":1}},"14":{"start":{"line":36,"column":23},"end":{"line":36,"column":35}},"15":{"start":{"line":37,"column":2},"end":{"line":37,"column":83}},"16":{"start":{"line":40,"column":37},"end":{"line":54,"column":26}},"17":{"start":{"line":40,"column":58},"end":{"line":54,"column":26}},"18":{"start":{"line":42,"column":16},"end":{"line":42,"column":32}},"19":{"start":{"line":43,"column":24},"end":{"line":43,"column":39}},"20":{"start":{"line":45,"column":4},"end":{"line":50,"column":5}},"21":{"start":{"line":46,"column":27},"end":{"line":46,"column":91}},"22":{"start":{"line":47,"column":6},"end":{"line":47,"column":83}},"23":{"start":{"line":48,"column":6},"end":{"line":48,"column":36}},"24":{"start":{"line":49,"column":6},"end":{"line":49,"column":25}},"25":{"start":{"line":51,"column":4},"end":{"line":51,"column":14}},"26":{"start":{"line":54,"column":16},"end":{"line":54,"column":25}},"27":{"start":{"line":56,"column":26},"end":{"line":59,"column":1}},"28":{"start":{"line":61,"column":21},"end":{"line":73,"column":1}},"29":{"start":{"line":62,"column":2},"end":{"line":72,"column":3}},"30":{"start":{"line":63,"column":4},"end":{"line":63,"column":51}},"31":{"start":{"line":64,"column":21},"end":{"line":64,"column":72}},"32":{"start":{"line":65,"column":4},"end":{"line":65,"column":42}},"33":{"start":{"line":66,"column":4},"end":{"line":66,"column":33}},"34":{"start":{"line":67,"column":4},"end":{"line":67,"column":46}},"35":{"start":{"line":68,"column":4},"end":{"line":68,"column":19}},"36":{"start":{"line":70,"column":4},"end":{"line":70,"column":30}},"37":{"start":{"line":71,"column":4},"end":{"line":71,"column":16}},"38":{"start":{"line":75,"column":28},"end":{"line":93,"column":2}},"39":{"start":{"line":77,"column":5},"end":{"line":93,"column":2}},"40":{"start":{"line":78,"column":22},"end":{"line":78,"column":85}},"41":{"start":{"line":79,"column":2},"end":{"line":92,"column":4}},"42":{"start":{"line":82,"column":6},"end":{"line":82,"column":48}},"43":{"start":{"line":83,"column":6},"end":{"line":90,"column":11}},"44":{"start":{"line":85,"column":35},"end":{"line":87,"column":11}},"45":{"start":{"line":88,"column":10},"end":{"line":88,"column":71}},"46":{"start":{"line":89,"column":10},"end":{"line":89,"column":67}},"47":{"start":{"line":96,"column":2},"end":{"line":96,"column":80}},"48":{"start":{"line":97,"column":19},"end":{"line":97,"column":90}},"49":{"start":{"line":98,"column":2},"end":{"line":98,"column":37}},"50":{"start":{"line":99,"column":20},"end":{"line":99,"column":42}},"51":{"start":{"line":100,"column":33},"end":{"line":100,"column":72}},"52":{"start":{"line":101,"column":31},"end":{"line":101,"column":86}},"53":{"start":{"line":102,"column":2},"end":{"line":102,"column":110}},"54":{"start":{"line":103,"column":16},"end":{"line":122,"column":4}},"55":{"start":{"line":106,"column":19},"end":{"line":113,"column":62}},"56":{"start":{"line":107,"column":20},"end":{"line":107,"column":42}},"57":{"start":{"line":109,"column":20},"end":{"line":109,"column":46}},"58":{"start":{"line":110,"column":10},"end":{"line":110,"column":77}},"59":{"start":{"line":111,"column":10},"end":{"line":111,"column":30}},"60":{"start":{"line":113,"column":20},"end":{"line":113,"column":61}},"61":{"start":{"line":118,"column":30},"end":{"line":118,"column":92}},"62":{"start":{"line":119,"column":8},"end":{"line":119,"column":62}},"63":{"start":{"line":124,"column":2},"end":{"line":124,"column":53}},"64":{"start":{"line":124,"column":34},"end":{"line":124,"column":51}}},"fnMap":{"0":{"name":"(anonymous_0)","decl":{"start":{"line":11,"column":27},"end":{"line":11,"column":28}},"loc":{"start":{"line":11,"column":34},"end":{"line":11,"column":59}},"line":11},"1":{"name":"(anonymous_1)","decl":{"start":{"line":13,"column":24},"end":{"line":13,"column":25}},"loc":{"start":{"line":13,"column":37},"end":{"line":19,"column":1}},"line":13},"2":{"name":"(anonymous_2)","decl":{"start":{"line":21,"column":28},"end":{"line":21,"column":29}},"loc":{"start":{"line":21,"column":45},"end":{"line":27,"column":1}},"line":21},"3":{"name":"(anonymous_3)","decl":{"start":{"line":35,"column":19},"end":{"line":35,"column":20}},"loc":{"start":{"line":35,"column":26},"end":{"line":38,"column":1}},"line":35},"4":{"name":"(anonymous_4)","decl":{"start":{"line":40,"column":37},"end":{"line":40,"column":38}},"loc":{"start":{"line":40,"column":58},"end":{"line":54,"column":26}},"line":40},"5":{"name":"(anonymous_5)","decl":{"start":{"line":41,"column":7},"end":{"line":41,"column":8}},"loc":{"start":{"line":41,"column":18},"end":{"line":52,"column":3}},"line":41},"6":{"name":"(anonymous_6)","decl":{"start":{"line":54,"column":10},"end":{"line":54,"column":11}},"loc":{"start":{"line":54,"column":16},"end":{"line":54,"column":25}},"line":54},"7":{"name":"(anonymous_7)","decl":{"start":{"line":61,"column":21},"end":{"line":61,"column":22}},"loc":{"start":{"line":61,"column":32},"end":{"line":73,"column":1}},"line":61},"8":{"name":"(anonymous_8)","decl":{"start":{"line":75,"column":28},"end":{"line":75,"column":29}},"loc":{"start":{"line":77,"column":5},"end":{"line":93,"column":2}},"line":77},"9":{"name":"(anonymous_9)","decl":{"start":{"line":77,"column":22},"end":{"line":77,"column":23}},"loc":{"start":{"line":77,"column":30},"end":{"line":93,"column":1}},"line":77},"10":{"name":"(anonymous_10)","decl":{"start":{"line":81,"column":10},"end":{"line":81,"column":11}},"loc":{"start":{"line":81,"column":16},"end":{"line":91,"column":5}},"line":81},"11":{"name":"(anonymous_11)","decl":{"start":{"line":84,"column":14},"end":{"line":84,"column":15}},"loc":{"start":{"line":84,"column":32},"end":{"line":90,"column":9}},"line":84},"12":{"name":"(anonymous_12)","decl":{"start":{"line":95,"column":15},"end":{"line":95,"column":16}},"loc":{"start":{"line":95,"column":54},"end":{"line":125,"column":1}},"line":95},"13":{"name":"(anonymous_13)","decl":{"start":{"line":106,"column":12},"end":{"line":106,"column":13}},"loc":{"start":{"line":106,"column":19},"end":{"line":113,"column":62}},"line":106},"14":{"name":"(anonymous_14)","decl":{"start":{"line":107,"column":14},"end":{"line":107,"column":15}},"loc":{"start":{"line":107,"column":20},"end":{"line":107,"column":42}},"line":107},"15":{"name":"(anonymous_15)","decl":{"start":{"line":108,"column":14},"end":{"line":108,"column":15}},"loc":{"start":{"line":108,"column":28},"end":{"line":112,"column":9}},"line":108},"16":{"name":"(anonymous_16)","decl":{"start":{"line":113,"column":14},"end":{"line":113,"column":15}},"loc":{"start":{"line":113,"column":20},"end":{"line":113,"column":61}},"line":113},"17":{"name":"(anonymous_17)","decl":{"start":{"line":117,"column":12},"end":{"line":117,"column":13}},"loc":{"start":{"line":117,"column":21},"end":{"line":120,"column":7}},"line":117},"18":{"name":"(anonymous_18)","decl":{"start":{"line":124,"column":27},"end":{"line":124,"column":28}},"loc":{"start":{"line":124,"column":34},"end":{"line":124,"column":51}},"line":124}},"branchMap":{"0":{"loc":{"start":{"line":15,"column":18},"end":{"line":17,"column":24}},"type":"cond-expr","locations":[{"start":{"line":16,"column":6},"end":{"line":16,"column":55}},{"start":{"line":17,"column":6},"end":{"line":17,"column":24}}],"line":15},"1":{"loc":{"start":{"line":37,"column":9},"end":{"line":37,"column":82}},"type":"binary-expr","locations":[{"start":{"line":37,"column":9},"end":{"line":37,"column":18}},{"start":{"line":37,"column":22},"end":{"line":37,"column":51}},{"start":{"line":37,"column":55},"end":{"line":37,"column":82}}],"line":37},"2":{"loc":{"start":{"line":45,"column":4},"end":{"line":50,"column":5}},"type":"if","locations":[{"start":{"line":45,"column":4},"end":{"line":50,"column":5}},{"start":{"line":45,"column":4},"end":{"line":50,"column":5}}],"line":45},"3":{"loc":{"start":{"line":45,"column":8},"end":{"line":45,"column":46}},"type":"binary-expr","locations":[{"start":{"line":45,"column":8},"end":{"line":45,"column":19}},{"start":{"line":45,"column":23},"end":{"line":45,"column":46}}],"line":45},"4":{"loc":{"start":{"line":62,"column":2},"end":{"line":72,"column":3}},"type":"if","locations":[{"start":{"line":62,"column":2},"end":{"line":72,"column":3}},{"start":{"line":62,"column":2},"end":{"line":72,"column":3}}],"line":62}},"s":{"0":1,"1":1,"2":19,"3":1,"4":8,"5":8,"6":8,"7":1,"8":11,"9":11,"10":11,"11":11,"12":1,"13":1,"14":8,"15":8,"16":1,"17":2,"18":10,"19":10,"20":10,"21":6,"22":6,"23":6,"24":6,"25":4,"26":10,"27":1,"28":1,"29":3,"30":2,"31":2,"32":2,"33":2,"34":2,"35":2,"36":1,"37":1,"38":1,"39":2,"40":6,"41":6,"42":6,"43":6,"44":5,"45":5,"46":5,"47":4,"48":4,"49":4,"50":4,"51":4,"52":4,"53":4,"54":4,"55":4,"56":3,"57":2,"58":2,"59":2,"60":2,"61":2,"62":2,"63":4,"64":3},"f":{"0":19,"1":8,"2":11,"3":8,"4":2,"5":10,"6":10,"7":3,"8":2,"9":6,"10":6,"11":5,"12":4,"13":4,"14":3,"15":2,"16":2,"17":2,"18":3},"b":{"0":[8,0],"1":[8,6,6],"2":[6,4],"3":[10,8],"4":[2,1]},"_coverageSchema":"43e27e138ebf9cfc5966b082cf9a028302ed4184","hash":"a98aaa6f78cb99b8c55ed1ecebff1dd06d2e9e89"}
}
