{"/mnt/e/development/hexlet/backend-project-lvl3/src/index.js": {"path":"/mnt/e/development/hexlet/backend-project-lvl3/src/index.js","statementMap":{"0":{"start":{"line":7,"column":24},"end":{"line":10,"column":1}},"1":{"start":{"line":8,"column":20},"end":{"line":8,"column":38}},"2":{"start":{"line":9,"column":2},"end":{"line":9,"column":84}},"3":{"start":{"line":12,"column":28},"end":{"line":18,"column":1}},"4":{"start":{"line":13,"column":20},"end":{"line":13,"column":42}},"5":{"start":{"line":14,"column":21},"end":{"line":14,"column":51}},"6":{"start":{"line":15,"column":23},"end":{"line":15,"column":65}},"7":{"start":{"line":17,"column":2},"end":{"line":17,"column":87}},"8":{"start":{"line":20,"column":16},"end":{"line":24,"column":1}},"9":{"start":{"line":26,"column":19},"end":{"line":26,"column":51}},"10":{"start":{"line":26,"column":24},"end":{"line":26,"column":51}},"11":{"start":{"line":28,"column":24},"end":{"line":40,"column":26}},"12":{"start":{"line":28,"column":45},"end":{"line":40,"column":26}},"13":{"start":{"line":30,"column":16},"end":{"line":30,"column":32}},"14":{"start":{"line":31,"column":24},"end":{"line":31,"column":39}},"15":{"start":{"line":32,"column":4},"end":{"line":36,"column":5}},"16":{"start":{"line":33,"column":27},"end":{"line":33,"column":97}},"17":{"start":{"line":34,"column":6},"end":{"line":34,"column":36}},"18":{"start":{"line":35,"column":6},"end":{"line":35,"column":25}},"19":{"start":{"line":37,"column":4},"end":{"line":37,"column":14}},"20":{"start":{"line":40,"column":16},"end":{"line":40,"column":25}},"21":{"start":{"line":43,"column":19},"end":{"line":43,"column":90}},"22":{"start":{"line":44,"column":2},"end":{"line":66,"column":7}},"23":{"start":{"line":46,"column":16},"end":{"line":46,"column":42}},"24":{"start":{"line":47,"column":37},"end":{"line":47,"column":76}},"25":{"start":{"line":48,"column":35},"end":{"line":48,"column":90}},"26":{"start":{"line":49,"column":19},"end":{"line":49,"column":61}},"27":{"start":{"line":50,"column":6},"end":{"line":65,"column":11}},"28":{"start":{"line":51,"column":20},"end":{"line":51,"column":61}},"29":{"start":{"line":52,"column":20},"end":{"line":61,"column":11}},"30":{"start":{"line":53,"column":31},"end":{"line":53,"column":53}},"31":{"start":{"line":54,"column":10},"end":{"line":60,"column":15}},"32":{"start":{"line":56,"column":39},"end":{"line":58,"column":15}},"33":{"start":{"line":59,"column":14},"end":{"line":59,"column":71}},"34":{"start":{"line":63,"column":10},"end":{"line":63,"column":27}},"35":{"start":{"line":64,"column":10},"end":{"line":64,"column":20}}},"fnMap":{"0":{"name":"(anonymous_0)","decl":{"start":{"line":7,"column":24},"end":{"line":7,"column":25}},"loc":{"start":{"line":7,"column":37},"end":{"line":10,"column":1}},"line":7},"1":{"name":"(anonymous_1)","decl":{"start":{"line":12,"column":28},"end":{"line":12,"column":29}},"loc":{"start":{"line":12,"column":45},"end":{"line":18,"column":1}},"line":12},"2":{"name":"(anonymous_2)","decl":{"start":{"line":26,"column":19},"end":{"line":26,"column":20}},"loc":{"start":{"line":26,"column":24},"end":{"line":26,"column":51}},"line":26},"3":{"name":"(anonymous_3)","decl":{"start":{"line":28,"column":24},"end":{"line":28,"column":25}},"loc":{"start":{"line":28,"column":45},"end":{"line":40,"column":26}},"line":28},"4":{"name":"(anonymous_4)","decl":{"start":{"line":29,"column":7},"end":{"line":29,"column":8}},"loc":{"start":{"line":29,"column":18},"end":{"line":38,"column":3}},"line":29},"5":{"name":"(anonymous_5)","decl":{"start":{"line":40,"column":10},"end":{"line":40,"column":11}},"loc":{"start":{"line":40,"column":16},"end":{"line":40,"column":25}},"line":40},"6":{"name":"(anonymous_6)","decl":{"start":{"line":42,"column":15},"end":{"line":42,"column":16}},"loc":{"start":{"line":42,"column":54},"end":{"line":67,"column":1}},"line":42},"7":{"name":"(anonymous_7)","decl":{"start":{"line":45,"column":10},"end":{"line":45,"column":11}},"loc":{"start":{"line":45,"column":24},"end":{"line":66,"column":5}},"line":45},"8":{"name":"(anonymous_8)","decl":{"start":{"line":51,"column":14},"end":{"line":51,"column":15}},"loc":{"start":{"line":51,"column":20},"end":{"line":51,"column":61}},"line":51},"9":{"name":"(anonymous_9)","decl":{"start":{"line":52,"column":14},"end":{"line":52,"column":15}},"loc":{"start":{"line":52,"column":20},"end":{"line":61,"column":11}},"line":52},"10":{"name":"(anonymous_10)","decl":{"start":{"line":52,"column":41},"end":{"line":52,"column":42}},"loc":{"start":{"line":52,"column":49},"end":{"line":61,"column":9}},"line":52},"11":{"name":"(anonymous_11)","decl":{"start":{"line":55,"column":18},"end":{"line":55,"column":19}},"loc":{"start":{"line":55,"column":36},"end":{"line":60,"column":13}},"line":55},"12":{"name":"(anonymous_12)","decl":{"start":{"line":62,"column":15},"end":{"line":62,"column":16}},"loc":{"start":{"line":62,"column":24},"end":{"line":65,"column":9}},"line":62}},"branchMap":{"0":{"loc":{"start":{"line":32,"column":4},"end":{"line":36,"column":5}},"type":"if","locations":[{"start":{"line":32,"column":4},"end":{"line":36,"column":5}},{"start":{"line":32,"column":4},"end":{"line":36,"column":5}}],"line":32},"1":{"loc":{"start":{"line":32,"column":8},"end":{"line":32,"column":46}},"type":"binary-expr","locations":[{"start":{"line":32,"column":8},"end":{"line":32,"column":19}},{"start":{"line":32,"column":23},"end":{"line":32,"column":46}}],"line":32}},"s":{"0":1,"1":3,"2":3,"3":1,"4":6,"5":6,"6":6,"7":6,"8":1,"9":1,"10":4,"11":1,"12":1,"13":5,"14":5,"15":5,"16":3,"17":3,"18":3,"19":2,"20":5,"21":2,"22":2,"23":1,"24":1,"25":1,"26":1,"27":1,"28":1,"29":1,"30":3,"31":3,"32":3,"33":3,"34":0,"35":0},"f":{"0":3,"1":6,"2":4,"3":1,"4":5,"5":5,"6":2,"7":1,"8":1,"9":1,"10":3,"11":3,"12":0},"b":{"0":[3,2],"1":[5,4]},"_coverageSchema":"43e27e138ebf9cfc5966b082cf9a028302ed4184","hash":"76204089ba8000f5e43fef92bec620832f235682"}
}
