TN:
SF:/mnt/e/development/hexlet/backend-project-lvl3/src/index.js
FN:11,(anonymous_0)
FN:13,(anonymous_1)
FN:21,(anonymous_2)
FN:35,(anonymous_3)
FN:40,(anonymous_4)
FN:41,(anonymous_5)
FN:54,(anonymous_6)
FN:61,(anonymous_7)
FN:75,(anonymous_8)
FN:77,(anonymous_9)
FN:81,(anonymous_10)
FN:84,(anonymous_11)
FN:95,(anonymous_12)
FN:106,(anonymous_13)
FN:107,(anonymous_14)
FN:108,(anonymous_15)
FN:113,(anonymous_16)
FN:117,(anonymous_17)
FN:124,(anonymous_18)
FNF:19
FNH:19
FNDA:19,(anonymous_0)
FNDA:8,(anonymous_1)
FNDA:11,(anonymous_2)
FNDA:8,(anonymous_3)
FNDA:2,(anonymous_4)
FNDA:10,(anonymous_5)
FNDA:10,(anonymous_6)
FNDA:3,(anonymous_7)
FNDA:2,(anonymous_8)
FNDA:6,(anonymous_9)
FNDA:6,(anonymous_10)
FNDA:5,(anonymous_11)
FNDA:4,(anonymous_12)
FNDA:4,(anonymous_13)
FNDA:3,(anonymous_14)
FNDA:2,(anonymous_15)
FNDA:2,(anonymous_16)
FNDA:2,(anonymous_17)
FNDA:3,(anonymous_18)
DA:9,1
DA:11,19
DA:13,1
DA:14,8
DA:15,8
DA:18,8
DA:21,1
DA:22,11
DA:23,11
DA:24,11
DA:26,11
DA:29,1
DA:35,1
DA:36,8
DA:37,8
DA:40,2
DA:42,10
DA:43,10
DA:45,10
DA:46,6
DA:47,6
DA:48,6
DA:49,6
DA:51,4
DA:54,10
DA:56,1
DA:61,1
DA:62,3
DA:63,2
DA:64,2
DA:65,2
DA:66,2
DA:67,2
DA:68,2
DA:70,1
DA:71,1
DA:75,1
DA:77,2
DA:78,6
DA:79,6
DA:82,6
DA:83,6
DA:85,5
DA:88,5
DA:89,5
DA:96,4
DA:97,4
DA:98,4
DA:99,4
DA:100,4
DA:101,4
DA:102,4
DA:103,4
DA:106,4
DA:107,3
DA:109,2
DA:110,2
DA:111,2
DA:113,2
DA:118,2
DA:119,2
DA:124,4
LF:62
LH:62
BRDA:15,0,0,8
BRDA:15,0,1,0
BRDA:37,1,0,8
BRDA:37,1,1,6
BRDA:37,1,2,6
BRDA:45,2,0,6
BRDA:45,2,1,4
BRDA:45,3,0,10
BRDA:45,3,1,8
BRDA:62,4,0,2
BRDA:62,4,1,1
BRF:11
BRH:10
end_of_record
