TN:
SF:/mnt/e/development/hexlet/backend-project-lvl3/src/index.js
FN:7,(anonymous_0)
FN:12,(anonymous_1)
FN:26,(anonymous_2)
FN:28,(anonymous_3)
FN:29,(anonymous_4)
FN:40,(anonymous_5)
FN:42,(anonymous_6)
FN:45,(anonymous_7)
FN:51,(anonymous_8)
FN:52,(anonymous_9)
FN:52,(anonymous_10)
FN:55,(anonymous_11)
FN:62,(anonymous_12)
FNF:13
FNH:12
FNDA:3,(anonymous_0)
FNDA:6,(anonymous_1)
FNDA:4,(anonymous_2)
FNDA:1,(anonymous_3)
FNDA:5,(anonymous_4)
FNDA:5,(anonymous_5)
FNDA:2,(anonymous_6)
FNDA:1,(anonymous_7)
FNDA:1,(anonymous_8)
FNDA:1,(anonymous_9)
FNDA:3,(anonymous_10)
FNDA:3,(anonymous_11)
FNDA:0,(anonymous_12)
DA:7,1
DA:8,3
DA:9,3
DA:12,1
DA:13,6
DA:14,6
DA:15,6
DA:17,6
DA:20,1
DA:26,4
DA:28,1
DA:30,5
DA:31,5
DA:32,5
DA:33,3
DA:34,3
DA:35,3
DA:37,2
DA:40,5
DA:43,2
DA:44,2
DA:46,1
DA:47,1
DA:48,1
DA:49,1
DA:50,1
DA:51,1
DA:52,1
DA:53,3
DA:54,3
DA:56,3
DA:59,3
DA:63,0
DA:64,0
LF:34
LH:32
BRDA:32,0,0,3
BRDA:32,0,1,2
BRDA:32,1,0,5
BRDA:32,1,1,4
BRF:4
BRH:4
end_of_record
